c:\users\nikla\source\repos\atlcalculator\debug\atlcalculator.lib
c:\users\nikla\source\repos\atlcalculator\debug\atlcalculator.exp
c:\users\nikla\source\repos\atlcalculator\atlcalculator\debug\atlcalculator.pch
c:\users\nikla\source\repos\atlcalculator\atlcalculator\debug\vc141.pdb
c:\users\nikla\source\repos\atlcalculator\atlcalculator\debug\vc141.idb
c:\users\nikla\source\repos\atlcalculator\atlcalculator\debug\stdafx.obj
c:\users\nikla\source\repos\atlcalculator\atlcalculator\debug\atlcalculator.obj
c:\users\nikla\source\repos\atlcalculator\atlcalculator\debug\calculator.obj
c:\users\nikla\source\repos\atlcalculator\atlcalculator\debug\atlcalculator_i.obj
c:\users\nikla\source\repos\atlcalculator\atlcalculator\debug\dllmain.obj
c:\users\nikla\source\repos\atlcalculator\debug\atlcalculator.dll
c:\users\nikla\source\repos\atlcalculator\debug\atlcalculator.ilk
c:\users\nikla\source\repos\atlcalculator\debug\atlcalculator.pdb
c:\users\nikla\source\repos\atlcalculator\atlcalculator\debug\atlcalculator.tlb
c:\users\nikla\source\repos\atlcalculator\atlcalculator\atlcalculator_p.c
c:\users\nikla\source\repos\atlcalculator\atlcalculator\atlcalculator_i.c
c:\users\nikla\source\repos\atlcalculator\atlcalculator\atlcalculator_i.h
c:\users\nikla\source\repos\atlcalculator\atlcalculator\debug\atlcalculator.res
c:\users\nikla\source\repos\atlcalculator\atlcalculator\debug\atlcalculator.tlog\atlcalculator.write.1u.tlog
c:\users\nikla\source\repos\atlcalculator\atlcalculator\debug\atlcalculator.tlog\cl.command.1.tlog
c:\users\nikla\source\repos\atlcalculator\atlcalculator\debug\atlcalculator.tlog\cl.read.1.tlog
c:\users\nikla\source\repos\atlcalculator\atlcalculator\debug\atlcalculator.tlog\cl.write.1.tlog
c:\users\nikla\source\repos\atlcalculator\atlcalculator\debug\atlcalculator.tlog\link.command.1.tlog
c:\users\nikla\source\repos\atlcalculator\atlcalculator\debug\atlcalculator.tlog\link.read.1.tlog
c:\users\nikla\source\repos\atlcalculator\atlcalculator\debug\atlcalculator.tlog\link.write.1.tlog
c:\users\nikla\source\repos\atlcalculator\atlcalculator\debug\atlcalculator.tlog\midl.command.1.tlog
c:\users\nikla\source\repos\atlcalculator\atlcalculator\debug\atlcalculator.tlog\midl.read.1.tlog
c:\users\nikla\source\repos\atlcalculator\atlcalculator\debug\atlcalculator.tlog\midl.write.1.tlog
c:\users\nikla\source\repos\atlcalculator\atlcalculator\debug\atlcalculator.tlog\rc.command.1.tlog
c:\users\nikla\source\repos\atlcalculator\atlcalculator\debug\atlcalculator.tlog\rc.read.1.tlog
c:\users\nikla\source\repos\atlcalculator\atlcalculator\debug\atlcalculator.tlog\rc.write.1.tlog
