c:\users\poulejnar\documents\courses\itkpu\solutions\kpu_lab03_commedatl\kpucalcserver\debug\kpucalcserver.pch
c:\users\poulejnar\documents\courses\itkpu\solutions\kpu_lab03_commedatl\kpucalcserver\debug\vc120.pdb
c:\users\poulejnar\documents\courses\itkpu\solutions\kpu_lab03_commedatl\kpucalcserver\debug\vc120.idb
c:\users\poulejnar\documents\courses\itkpu\solutions\kpu_lab03_commedatl\kpucalcserver\debug\stdafx.obj
c:\users\poulejnar\documents\courses\itkpu\solutions\kpu_lab03_commedatl\kpucalcserver\debug\calculator.obj
c:\users\poulejnar\documents\courses\itkpu\solutions\kpu_lab03_commedatl\kpucalcserver\debug\kpucalcserver.obj
c:\users\poulejnar\documents\courses\itkpu\solutions\kpu_lab03_commedatl\kpucalcserver\debug\dllmain.obj
c:\users\poulejnar\documents\courses\itkpu\solutions\kpu_lab03_commedatl\kpucalcserver\debug\kpucalcserver_i.obj
c:\users\poulejnar\documents\courses\itkpu\solutions\kpu_lab03_commedatl\debug\kpucalcserver.lib
c:\users\poulejnar\documents\courses\itkpu\solutions\kpu_lab03_commedatl\debug\kpucalcserver.exp
c:\users\poulejnar\documents\courses\itkpu\solutions\kpu_lab03_commedatl\debug\kpucalcserver.ilk
c:\users\poulejnar\documents\courses\itkpu\solutions\kpu_lab03_commedatl\debug\kpucalcserver.dll
c:\users\poulejnar\documents\courses\itkpu\solutions\kpu_lab03_commedatl\debug\kpucalcserver.pdb
c:\users\poulejnar\documents\courses\itkpu\solutions\kpu_lab03_commedatl\kpucalcserver\debug\kpucalcserver.tlb
c:\users\poulejnar\documents\courses\itkpu\solutions\kpu_lab03_commedatl\kpucalcserver\kpucalcserver_p.c
c:\users\poulejnar\documents\courses\itkpu\solutions\kpu_lab03_commedatl\kpucalcserver\kpucalcserver_i.c
c:\users\poulejnar\documents\courses\itkpu\solutions\kpu_lab03_commedatl\kpucalcserver\kpucalcserver_i.h
c:\users\poulejnar\documents\courses\itkpu\solutions\kpu_lab03_commedatl\kpucalcserver\debug\kpucalcserver.res
c:\users\poulejnar\documents\courses\itkpu\solutions\kpu_lab03_commedatl\kpucalcserver\debug\kpucalcserver.tlog\cl.command.1.tlog
c:\users\poulejnar\documents\courses\itkpu\solutions\kpu_lab03_commedatl\kpucalcserver\debug\kpucalcserver.tlog\cl.read.1.tlog
c:\users\poulejnar\documents\courses\itkpu\solutions\kpu_lab03_commedatl\kpucalcserver\debug\kpucalcserver.tlog\cl.write.1.tlog
c:\users\poulejnar\documents\courses\itkpu\solutions\kpu_lab03_commedatl\kpucalcserver\debug\kpucalcserver.tlog\kpucalcserver.write.1u.tlog
c:\users\poulejnar\documents\courses\itkpu\solutions\kpu_lab03_commedatl\kpucalcserver\debug\kpucalcserver.tlog\link.command.1.tlog
c:\users\poulejnar\documents\courses\itkpu\solutions\kpu_lab03_commedatl\kpucalcserver\debug\kpucalcserver.tlog\link.read.1.tlog
c:\users\poulejnar\documents\courses\itkpu\solutions\kpu_lab03_commedatl\kpucalcserver\debug\kpucalcserver.tlog\link.write.1.tlog
c:\users\poulejnar\documents\courses\itkpu\solutions\kpu_lab03_commedatl\kpucalcserver\debug\kpucalcserver.tlog\midl.command.1.tlog
c:\users\poulejnar\documents\courses\itkpu\solutions\kpu_lab03_commedatl\kpucalcserver\debug\kpucalcserver.tlog\midl.read.1.tlog
c:\users\poulejnar\documents\courses\itkpu\solutions\kpu_lab03_commedatl\kpucalcserver\debug\kpucalcserver.tlog\midl.write.1.tlog
c:\users\poulejnar\documents\courses\itkpu\solutions\kpu_lab03_commedatl\kpucalcserver\debug\kpucalcserver.tlog\rc.command.1.tlog
c:\users\poulejnar\documents\courses\itkpu\solutions\kpu_lab03_commedatl\kpucalcserver\debug\kpucalcserver.tlog\rc.read.1.tlog
c:\users\poulejnar\documents\courses\itkpu\solutions\kpu_lab03_commedatl\kpucalcserver\debug\kpucalcserver.tlog\rc.write.1.tlog
